\BOOKMARK [0][-]{abstract.0}{Abstract}{}% 1
\BOOKMARK [0][-]{contents.0}{CONTENTS}{}% 2
\BOOKMARK [0][-]{chapter*.3}{FIGURES}{}% 3
\BOOKMARK [0][-]{chapter*.4}{TABLES}{}% 4
\BOOKMARK [0][-]{chapter*.5}{ACKNOWLEDGMENTS}{}% 5
\BOOKMARK [0][-]{chapter.1}{CHAPTER 1: INTRODUCTION}{}% 6
\BOOKMARK [1][-]{section.1.1}{1.1 Deformation in Nuclei}{chapter.1}% 7
\BOOKMARK [2][-]{subsection.1.1.1}{1.1.1 Vibrations in Deformed Nuclei}{section.1.1}% 8
\BOOKMARK [1][-]{section.1.2}{1.2 Excited States in Deformed Nuclei}{chapter.1}% 9
\BOOKMARK [1][-]{section.1.3}{1.3 Historical Impetus in Experimental Nuclear Structure}{chapter.1}% 10
\BOOKMARK [1][-]{section.1.4}{1.4 Assessing Nuclear Structure from Decay Radiation}{chapter.1}% 11
\BOOKMARK [2][-]{subsection.1.4.1}{1.4.1 Importance of Transition Probabilities}{section.1.4}% 12
\BOOKMARK [1][-]{section.1.5}{1.5 Decay and Structure Systematics in the 150<A<180 Region}{chapter.1}% 13
\BOOKMARK [2][-]{subsection.1.5.1}{1.5.1 K=0+,2+ Systematics in Samarium, Gadolinium, and Dysprosium Nuclei}{section.1.5}% 14
\BOOKMARK [2][-]{subsection.1.5.2}{1.5.2 K=0+,2+ Systematics in Erbium, Ytterbium, and Hafnium Nuclei}{section.1.5}% 15
\BOOKMARK [2][-]{subsection.1.5.3}{1.5.3 Negative Parity States in Gadolinium and Dysprosium Nuclei}{section.1.5}% 16
\BOOKMARK [2][-]{subsection.1.5.4}{1.5.4 Multiphonon Configurations in Deformed Nuclei}{section.1.5}% 17
\BOOKMARK [0][-]{chapter.2}{CHAPTER 2: EXPERIMENTS AND DATA ACQUISITION}{}% 18
\BOOKMARK [1][-]{section.2.1}{2.1 Lifetime Measurements of Excited States}{chapter.2}% 19
\BOOKMARK [1][-]{section.2.2}{2.2 DSAM-INS Formalism}{chapter.2}% 20
\BOOKMARK [1][-]{section.2.3}{2.3 \(n,n\) Experiments at the University of Kentucky}{chapter.2}% 21
\BOOKMARK [2][-]{subsection.2.3.1}{2.3.1 Excitation Function Measurements}{section.2.3}% 22
\BOOKMARK [2][-]{subsection.2.3.2}{2.3.2 Angular Distribution Measurements}{section.2.3}% 23
\BOOKMARK [1][-]{section.2.4}{2.4 Experimental Campaigns}{chapter.2}% 24
\BOOKMARK [2][-]{subsection.2.4.1}{2.4.1 The 160Gd Campaign}{section.2.4}% 25
\BOOKMARK [2][-]{subsection.2.4.2}{2.4.2 The 162Dy Campaign}{section.2.4}% 26
\BOOKMARK [0][-]{chapter.3}{CHAPTER 3: DATA ANALYSIS}{}% 27
\BOOKMARK [1][-]{section.3.1}{3.1 Calibrations and Corrections}{chapter.3}% 28
\BOOKMARK [2][-]{subsection.3.1.1}{3.1.1 Energy Calibrations}{section.3.1}% 29
\BOOKMARK [2][-]{subsection.3.1.2}{3.1.2 Nonlinearity Calibrations}{section.3.1}% 30
\BOOKMARK [2][-]{subsection.3.1.3}{3.1.3 Efficiency Calibrations}{section.3.1}% 31
\BOOKMARK [2][-]{subsection.3.1.4}{3.1.4 Self-Absorption Corrections}{section.3.1}% 32
\BOOKMARK [1][-]{section.3.2}{3.2 Statistical Analysis}{chapter.3}% 33
\BOOKMARK [2][-]{subsection.3.2.1}{3.2.1 Fitting Procedures}{section.3.2}% 34
\BOOKMARK [2][-]{subsection.3.2.2}{3.2.2 Observable Extraction}{section.3.2}% 35
\BOOKMARK [3][-]{subsubsection.3.2.2.1}{3.2.2.1 Excitation Functions}{subsection.3.2.2}% 36
\BOOKMARK [3][-]{subsubsection.3.2.2.2}{3.2.2.2 Angular Distributions}{subsection.3.2.2}% 37
\BOOKMARK [0][-]{chapter.4}{CHAPTER 4: RESULTS}{}% 38
\BOOKMARK [1][-]{section.4.1}{4.1 160Gd Results}{chapter.4}% 39
\BOOKMARK [2][-]{subsection.4.1.1}{4.1.1 Lifetimes of 0+ States}{section.4.1}% 40
\BOOKMARK [2][-]{subsection.4.1.2}{4.1.2 Lifetimes of 2+ Band}{section.4.1}% 41
\BOOKMARK [2][-]{subsection.4.1.3}{4.1.3 Lifetimes of Negative Parity Bands}{section.4.1}% 42
\BOOKMARK [2][-]{subsection.4.1.4}{4.1.4 Lifetimes of Positive Parity Bands}{section.4.1}% 43
\BOOKMARK [2][-]{subsection.4.1.5}{4.1.5 Lifetimes of States with No K Assignment}{section.4.1}% 44
\BOOKMARK [1][-]{section.4.2}{4.2 162Dy Results}{chapter.4}% 45
\BOOKMARK [2][-]{subsection.4.2.1}{4.2.1 Lifetimes of 0+ States}{section.4.2}% 46
\BOOKMARK [2][-]{subsection.4.2.2}{4.2.2 Lifetimes of K=2+ and 4+ Bands}{section.4.2}% 47
\BOOKMARK [2][-]{subsection.4.2.3}{4.2.3 Lifetimes of Negative Parity Bands \(K=2-, 0-, and 2-2\)}{section.4.2}% 48
\BOOKMARK [2][-]{subsection.4.2.4}{4.2.4 Lifetimes of Other Negative Parity Bands \(K=5-, 3-, 1- and 3-2\)}{section.4.2}% 49
\BOOKMARK [2][-]{subsection.4.2.5}{4.2.5 Lifetimes of K=1+ Band and Members of M1 Scissors}{section.4.2}% 50
\BOOKMARK [2][-]{subsection.4.2.6}{4.2.6 Lifetimes of States with No K Assignment}{section.4.2}% 51
\BOOKMARK [2][-]{subsection.4.2.7}{4.2.7 All Decays Observed \(Intensities\)}{section.4.2}% 52
\BOOKMARK [0][-]{chapter.5}{CHAPTER 5: DISCUSSION AND INTERPRETATION}{}% 53
\BOOKMARK [1][-]{section.5.1}{5.1 160Gd Discussion}{chapter.5}% 54
\BOOKMARK [2][-]{subsection.5.1.1}{5.1.1 Excited 0+ States and the K=2+ Band}{section.5.1}% 55
\BOOKMARK [2][-]{subsection.5.1.2}{5.1.2 Negative Parity States}{section.5.1}% 56
\BOOKMARK [2][-]{subsection.5.1.3}{5.1.3 Other Lifetime Measurements in 160Gd}{section.5.1}% 57
\BOOKMARK [3][-]{subsubsection.5.1.3.1}{5.1.3.1 K=4+ Band as a Hexadecapole Vibration?}{subsection.5.1.3}% 58
\BOOKMARK [3][-]{subsubsection.5.1.3.2}{5.1.3.2 K=1+ Band}{subsection.5.1.3}% 59
\BOOKMARK [2][-]{subsection.5.1.4}{5.1.4 Implications and Further Discussion}{section.5.1}% 60
\BOOKMARK [1][-]{section.5.2}{5.2 162Dy Lifetimes}{chapter.5}% 61
\BOOKMARK [2][-]{subsection.5.2.1}{5.2.1 0+ Excitations Not Observed in \(n,n\)}{section.5.2}% 62
\BOOKMARK [2][-]{subsection.5.2.2}{5.2.2 A Lack of Strong \040Vibrations in 162Dy}{section.5.2}% 63
\BOOKMARK [2][-]{subsection.5.2.3}{5.2.3 On the Two-Phonon Characteristics}{section.5.2}% 64
\BOOKMARK [3][-]{subsubsection.5.2.3.1}{5.2.3.1 2+ Band}{subsection.5.2.3}% 65
\BOOKMARK [3][-]{subsubsection.5.2.3.2}{5.2.3.2 0+2 Band -Vibration}{subsection.5.2.3}% 66
\BOOKMARK [3][-]{subsubsection.5.2.3.3}{5.2.3.3 K=4+1,2 Bands at 1535,2181 keV as -Vibrations}{subsection.5.2.3}% 67
\BOOKMARK [3][-]{subsubsection.5.2.3.4}{5.2.3.4 \(2,3,4\)+ State at 2230 keV}{subsection.5.2.3}% 68
\BOOKMARK [2][-]{subsection.5.2.4}{5.2.4 Negative Parity States}{section.5.2}% 69
\BOOKMARK [3][-]{subsubsection.5.2.4.1}{5.2.4.1 K=2- Band at 1148 keV}{subsection.5.2.4}% 70
\BOOKMARK [3][-]{subsubsection.5.2.4.2}{5.2.4.2 K=0- Band at 1275 keV}{subsection.5.2.4}% 71
\BOOKMARK [3][-]{subsubsection.5.2.4.3}{5.2.4.3 K=2-2 Band at 1863 keV}{subsection.5.2.4}% 72
\BOOKMARK [2][-]{subsection.5.2.5}{5.2.5 Other Negative Parity Bands}{section.5.2}% 73
\BOOKMARK [3][-]{subsubsection.5.2.5.1}{5.2.5.1 K=5- Band}{subsection.5.2.5}% 74
\BOOKMARK [3][-]{subsubsection.5.2.5.2}{5.2.5.2 K=3- Band}{subsection.5.2.5}% 75
\BOOKMARK [3][-]{subsubsection.5.2.5.3}{5.2.5.3 K=1- Band}{subsection.5.2.5}% 76
\BOOKMARK [3][-]{subsubsection.5.2.5.4}{5.2.5.4 K=3-2 Band}{subsection.5.2.5}% 77
\BOOKMARK [2][-]{subsection.5.2.6}{5.2.6 K=1+ Band}{section.5.2}% 78
\BOOKMARK [2][-]{subsection.5.2.7}{5.2.7 States Above 2.2 MeV Excitation Energy}{section.5.2}% 79
\BOOKMARK [2][-]{subsection.5.2.8}{5.2.8 Implications and Further Discussion}{section.5.2}% 80
\BOOKMARK [0][-]{chapter.6}{CHAPTER 6: FINAL REMARKS AND FUTURE OUTLOOK}{}% 81
\BOOKMARK [1][-]{section.6.1}{6.1 Impact of Presented Lifetime Measurements}{chapter.6}% 82
\BOOKMARK [2][-]{subsection.6.1.1}{6.1.1 160Gd}{section.6.1}% 83
\BOOKMARK [2][-]{subsection.6.1.2}{6.1.2 162Dy}{section.6.1}% 84
\BOOKMARK [1][-]{section.6.2}{6.2 What Lies Ahead for Rare-Earth Nuclei?}{chapter.6}% 85
\BOOKMARK [0][-]{appendix.A}{APPENDIX A: 160GD 0+ STATES}{}% 86
\BOOKMARK [0][-]{appendix.B}{APPENDIX B: 160GD NEGATIVE PARITY STATES}{}% 87
\BOOKMARK [0][-]{appendix.C}{APPENDIX C: 162DY QUADRUPOLE EXCITATIONS}{}% 88
\BOOKMARK [0][-]{appendix.D}{APPENDIX D: 162DY NEGATIVE PARITY STATES}{}% 89
\BOOKMARK [0][-]{appendix.E}{APPENDIX E: 162DY GRID}{}% 90
\BOOKMARK [0][-]{appendix*.6}{BIBLIOGRAPHY}{}% 91
